main.obj : error LNK2001: unresolved external symbol _gsl_spmatrix_ccs
main.obj : error LNK2001: unresolved external symbol _gsl_splinalg_itersolve_free
main.obj : error LNK2001: unresolved external symbol _gsl_spmatrix_get
main.obj : error LNK2001: unresolved external symbol _gsl_multiroot_fsolver_dnewton
main.obj : error LNK2001: unresolved external symbol _gsl_spmatrix_set
main.obj : error LNK2001: unresolved external symbol _gsl_integration_glfixed_point
main.obj : error LNK2001: unresolved external symbol _gsl_splinalg_itersolve_iterate
main.obj : error LNK2001: unresolved external symbol _gsl_spmatrix_alloc
main.obj : error LNK2001: unresolved external symbol _gsl_splinalg_itersolve_alloc
main.obj : error LNK2001: unresolved external symbol _gsl_vector_memcpy
main.obj : error LNK2001: unresolved external symbol _gsl_vector_set
main.obj : error LNK2001: unresolved external symbol _gsl_multiroot_fsolver_alloc
main.obj : error LNK2001: unresolved external symbol _gsl_spmatrix_set_zero
main.obj : error LNK2001: unresolved external symbol _gsl_multiroot_test_residual
main.obj : error LNK2001: unresolved external symbol _gsl_integration_glfixed_table_alloc
main.obj : error LNK2001: unresolved external symbol _gsl_vector_free
main.obj : error LNK2001: unresolved external symbol _gsl_multiroot_fsolver_f
main.obj : error LNK2001: unresolved external symbol _gsl_spblas_dgemv
main.obj : error LNK2001: unresolved external symbol _gsl_vector_alloc
main.obj : error LNK2001: unresolved external symbol _gsl_spmatrix_free
main.obj : error LNK2001: unresolved external symbol _gsl_vector_add
main.obj : error LNK2001: unresolved external symbol _gsl_splinalg_itersolve_gmres
main.obj : error LNK2001: unresolved external symbol _gsl_multiroot_fsolver_iterate
main.obj : error LNK2001: unresolved external symbol _gsl_multiroot_fsolver_set
main.obj : error LNK2001: unresolved external symbol _gsl_vector_set_all
main.obj : error LNK2001: unresolved external symbol _gsl_vector_calloc
main.obj : error LNK2001: unresolved external symbol _gsl_vector_set_zero
main.obj : error LNK2001: unresolved external symbol _gsl_multiroot_fsolver_free
main.obj : error LNK2001: unresolved external symbol _gsl_splinalg_itersolve_normr
main.obj : error LNK2001: unresolved external symbol _gsl_vector_get
C:\Users\user\Documents\GitHub\Pear_Project\src\Pear\Release\Pear.exe : fatal error LNK1120: 30 unresolved externals
